[2019-06-24 11:16:05][From: o-reply@blogtrottr.com][To: manish.kumar@qed42.com][Subject: New Article alert for you!]
---------------
Hello Manish ! A new article has been published in the domain you have subscribed for. You can visit the link below to read the article below. To unsubscribe, browse to our website, login & click on unsubscribe button!.
---------------
[2019-06-24 11:16:05][From: o-reply@blogtrottr.com][To: nikunj.shah@qed42.com][Subject: New Article alert for you!]
---------------
Hello Nikunj ! A new article has been published in the domain you have subscribed for. You can visit the link below to read the article below. To unsubscribe, browse to our website, login & click on unsubscribe button!.
---------------
[2019-06-24 12:54:33][From: o-reply@blogtrottr.com][To: manish.kumar@qed42.com][Subject: New Article alert for you!]
---------------
Hello Manish ! A new article has been published in the domain you have subscribed for. You can visit the link below to read the article below. To unsubscribe, browse to our website, login & click on unsubscribe button!.
---------------
[2019-06-24 12:54:33][From: o-reply@blogtrottr.com][To: nikunj.shah@qed42.com][Subject: New Article alert for you!]
---------------
Hello Nikunj ! A new article has been published in the domain you have subscribed for. You can visit the link below to read the article below. To unsubscribe, browse to our website, login & click on unsubscribe button!.
---------------
[2019-06-24 12:57:28][From: o-reply@blogtrottr.com][To: manish.kumar@qed42.com][Subject: New Article alert for you!]
---------------
Hello Manish ! A new article has been published in the domain you have subscribed for. You can visit the link below to read the article below. To unsubscribe, browse to our website, login & click on unsubscribe button!.
---------------
[2019-06-24 12:57:28][From: o-reply@blogtrottr.com][To: nikunj.shah@qed42.com][Subject: New Article alert for you!]
---------------
Hello Nikunj ! A new article has been published in the domain you have subscribed for. You can visit the link below to read the article below. To unsubscribe, browse to our website, login & click on unsubscribe button!.
---------------
[2019-06-24 13:23:30][From: o-reply@blogtrottr.com][To: manish.kumar@qed42.com][Subject: New Article alert for you!]
---------------
Hello Manish ! A new article has been published in the domain you have subscribed for. You can visit the link below to read the article below. To unsubscribe, browse to our website, login & click on unsubscribe button!.
---------------
[2019-06-24 13:23:30][From: o-reply@blogtrottr.com][To: nikunj.shah@qed42.com][Subject: New Article alert for you!]
---------------
Hello Nikunj ! A new article has been published in the domain you have subscribed for. You can visit the link below to read the article below. To unsubscribe, browse to our website, login & click on unsubscribe button!.
---------------
[2019-06-24 13:51:10][From: o-reply@blogtrottr.com][To: manish.kumar@qed42.com][Subject: New Article alert for you!]
---------------
Hello Manish ! A new article has been published in the domain you have subscribed for. You can visit the link below to read the article below. To unsubscribe, browse to our website, login & click on unsubscribe button!.
---------------
[2019-06-24 13:51:10][From: o-reply@blogtrottr.com][To: nikunj.shah@qed42.com][Subject: New Article alert for you!]
---------------
Hello Nikunj ! A new article has been published in the domain you have subscribed for. You can visit the link below to read the article below. To unsubscribe, browse to our website, login & click on unsubscribe button!.
---------------
[2019-06-24 17:46:27][From: o-reply@blogtrottr.com][To: manish.kumar@qed42.com][Subject: New Article alert for you!]
---------------
Hello Manish ! A new article has been published in the domain you have subscribed for. You can visit the link below to read the article below. To unsubscribe, browse to our website, login & click on unsubscribe button!.
---------------
[2019-06-24 17:46:27][From: o-reply@blogtrottr.com][To: nikunj.shah@qed42.com][Subject: New Article alert for you!]
---------------
Hello Nikunj ! A new article has been published in the domain you have subscribed for. You can visit the link below to read the article below. To unsubscribe, browse to our website, login & click on unsubscribe button!.
---------------
[2019-06-27 08:16:34][From: o-reply@blogtrottr.com][To: manish.kumar@qed42.com][Subject: New Article alert for you!]
---------------
Hello Manish ! A new article has been published in the domain you have subscribed for. You can visit the link below to read the article below. To unsubscribe, browse to our website, login & click on unsubscribe button!.
---------------
[2019-06-27 08:16:34][From: o-reply@blogtrottr.com][To: nikunj.shah@qed42.com][Subject: New Article alert for you!]
---------------
Hello Nikunj ! A new article has been published in the domain you have subscribed for. You can visit the link below to read the article below. To unsubscribe, browse to our website, login & click on unsubscribe button!.
---------------
[2019-07-15 05:08:58][From: no-reply@qed42.com][To: manish.kumar@qed42.com][Subject: New module/modules enabled.]
---------------
Hello manish.kumar@qed42.com ! Following Modules: hoa_routings are enabled.
---------------
[2019-07-15 05:08:58][From: no-reply@qed42.com][To: nishant@qed42.com][Subject: New module/modules enabled.]
---------------
Hello nishant@qed42.com ! Following Modules: hoa_routings are enabled.
---------------
[2019-07-15 05:08:58][From: no-reply@qed42.com][To: nikunj@qed42.com][Subject: New module/modules enabled.]
---------------
Hello nikunj@qed42.com ! Following Modules: hoa_routings are enabled.
---------------
